<?xml version="1.0" encoding="UTF-8" ?>
<testsuite failures="0" time="16.38" errors="0" skipped="0" tests="1" name="com.salaboy.jbpm5.ProcessAndEventMultiThreadIntegrationTest">
  <properties>
    <property name="java.runtime.name" value="Java(TM) SE Runtime Environment"/>
    <property name="sun.boot.library.path" value="/usr/lib64/java-1.6.0/jdk1.6.0_22/jre/lib/amd64"/>
    <property name="java.vm.version" value="17.1-b03"/>
    <property name="java.vm.vendor" value="Sun Microsystems Inc."/>
    <property name="java.vendor.url" value="http://java.sun.com/"/>
    <property name="path.separator" value=":"/>
    <property name="guice.disable.misplaced.annotation.check" value="true"/>
    <property name="java.vm.name" value="Java HotSpot(TM) 64-Bit Server VM"/>
    <property name="file.encoding.pkg" value="sun.io"/>
    <property name="user.country" value="US"/>
    <property name="sun.java.launcher" value="SUN_STANDARD"/>
    <property name="sun.os.patch.level" value="unknown"/>
    <property name="java.vm.specification.name" value="Java Virtual Machine Specification"/>
    <property name="user.dir" value="/home/Jonatan/projects/workspaces_eclipse/workspace_jbpm5/jbpm5-developer-guide"/>
    <property name="java.runtime.version" value="1.6.0_22-b04"/>
    <property name="java.awt.graphicsenv" value="sun.awt.X11GraphicsEnvironment"/>
    <property name="java.endorsed.dirs" value="/usr/lib64/java-1.6.0/jdk1.6.0_22/jre/lib/endorsed"/>
    <property name="os.arch" value="amd64"/>
    <property name="java.io.tmpdir" value="/tmp"/>
    <property name="line.separator" value="
"/>
    <property name="java.vm.specification.vendor" value="Sun Microsystems Inc."/>
    <property name="os.name" value="Linux"/>
    <property name="classworlds.conf" value="/opt/apache-maven-3.0.4/bin/m2.conf"/>
    <property name="sun.jnu.encoding" value="UTF-8"/>
    <property name="java.library.path" value="/usr/lib64/java-1.6.0/jdk1.6.0_22/jre/lib/amd64/server:/usr/lib64/java-1.6.0/jdk1.6.0_22/jre/lib/amd64:/usr/lib64/java-1.6.0/jdk1.6.0_22/jre/../lib/amd64:/usr/java/packages/lib/amd64:/usr/lib64:/lib64:/lib:/usr/lib"/>
    <property name="java.specification.name" value="Java Platform API Specification"/>
    <property name="java.class.version" value="50.0"/>
    <property name="sun.management.compiler" value="HotSpot 64-Bit Server Compiler"/>
    <property name="os.version" value="3.6.11-1.fc16.x86_64"/>
    <property name="user.home" value="/home/Jonatan"/>
    <property name="user.timezone" value="Europe/Madrid"/>
    <property name="java.awt.printerjob" value="sun.print.PSPrinterJob"/>
    <property name="file.encoding" value="UTF-8"/>
    <property name="java.specification.version" value="1.6"/>
    <property name="user.name" value="Jonatan"/>
    <property name="java.class.path" value="/opt/apache-maven-3.0.4/boot/plexus-classworlds-2.4.jar"/>
    <property name="java.vm.specification.version" value="1.0"/>
    <property name="sun.arch.data.model" value="64"/>
    <property name="java.home" value="/usr/lib64/java-1.6.0/jdk1.6.0_22/jre"/>
    <property name="java.specification.vendor" value="Sun Microsystems Inc."/>
    <property name="user.language" value="en"/>
    <property name="java.vm.info" value="mixed mode"/>
    <property name="java.version" value="1.6.0_22"/>
    <property name="java.ext.dirs" value="/usr/lib64/java-1.6.0/jdk1.6.0_22/jre/lib/ext:/usr/java/packages/lib/ext"/>
    <property name="securerandom.source" value="file:/dev/./urandom"/>
    <property name="sun.boot.class.path" value="/usr/lib64/java-1.6.0/jdk1.6.0_22/jre/lib/resources.jar:/usr/lib64/java-1.6.0/jdk1.6.0_22/jre/lib/rt.jar:/usr/lib64/java-1.6.0/jdk1.6.0_22/jre/lib/sunrsasign.jar:/usr/lib64/java-1.6.0/jdk1.6.0_22/jre/lib/jsse.jar:/usr/lib64/java-1.6.0/jdk1.6.0_22/jre/lib/jce.jar:/usr/lib64/java-1.6.0/jdk1.6.0_22/jre/lib/charsets.jar:/usr/lib64/java-1.6.0/jdk1.6.0_22/jre/classes"/>
    <property name="java.vendor" value="Sun Microsystems Inc."/>
    <property name="maven.home" value="/opt/apache-maven-3.0.4"/>
    <property name="file.separator" value="/"/>
    <property name="java.vendor.url.bug" value="http://java.sun.com/cgi-bin/bugreport.cgi"/>
    <property name="sun.cpu.endian" value="little"/>
    <property name="sun.io.unicode.encoding" value="UnicodeLittle"/>
    <property name="sun.desktop" value="gnome"/>
    <property name="sun.cpu.isalist" value=""/>
  </properties>
  <testcase time="16.358" classname="com.salaboy.jbpm5.ProcessAndEventMultiThreadIntegrationTest" name="processEventsWithListenerTest"/>
</testsuite>